[02:05:08] [ServerMain/INFO]: Environment: Environment[sessionHost=https://sessionserver.mojang.com, servicesHost=https://api.minecraftservices.com, name=PROD]
[02:05:10] [ServerMain/INFO]: Loaded 1175 recipes
[02:05:10] [ServerMain/INFO]: Loaded 1276 advancements
[02:05:11] [Server thread/INFO]: Starting minecraft server version 1.20.6
[02:05:11] [Server thread/INFO]: Loading properties
[02:05:11] [Server thread/INFO]: Default game type: SURVIVAL
[02:05:11] [Server thread/INFO]: Generating keypair
[02:05:11] [Server thread/INFO]: Starting Minecraft server on *:25565
[02:05:12] [Server thread/INFO]: Using default channel type
[02:05:12] [Server thread/INFO]: Preparing level "world"
[02:05:14] [Server thread/INFO]: Preparing start region for dimension minecraft:overworld
[02:05:15] [Worker-Main-7/INFO]: Preparing spawn area: 0%
[02:05:15] [Worker-Main-7/INFO]: Preparing spawn area: 0%
[02:05:15] [Worker-Main-7/INFO]: Preparing spawn area: 0%
[02:05:15] [Worker-Main-7/INFO]: Preparing spawn area: 0%
[02:05:16] [Worker-Main-3/INFO]: Preparing spawn area: 2%
[02:05:16] [Server thread/INFO]: Time elapsed: 2310 ms
[02:05:16] [Server thread/INFO]: Done (4.147s)! For help, type "help"
[02:05:27] [User Authenticator #1/INFO]: UUID of player wosemi is 8d213430-8938-431f-aa4c-d8fb9477c8c0
[02:05:28] [Server thread/INFO]: wosemi[/127.0.0.1:57631] logged in with entity id 22 at (-159.1802117068559, 72.0, -61.559630499727575)
[02:05:28] [Server thread/INFO]: wosemi joined the game
[02:05:32] [Server thread/WARN]: wosemi moved too quickly! 0.0,-10.806526110008996,0.0
[02:05:32] [Server thread/WARN]: Can't keep up! Is the server overloaded? Running 3899ms or 77 ticks behind
[02:06:06] [Server thread/WARN]: UUID of added entity already exists: cmm['Farmer'/544, l='ServerLevel[world]', x=67.26, y=72.00, z=5.53]
[02:06:06] [Server thread/WARN]: UUID of added entity already exists: cmm['Farmer'/547, l='ServerLevel[world]', x=73.50, y=66.94, z=-1.78]
[02:06:06] [Server thread/WARN]: UUID of added entity already exists: cmm['Cleric'/548, l='ServerLevel[world]', x=71.46, y=67.86, z=-2.71]
[02:07:51] [Server thread/INFO]: wosemi lost connection: Disconnected
[02:07:51] [Server thread/INFO]: wosemi left the game
[02:09:33] [Server thread/INFO]: Stopping server
[02:09:33] [Server thread/INFO]: Saving players
[02:09:33] [Server thread/INFO]: Saving worlds
[02:09:33] [Server thread/INFO]: Saving chunks for level 'ServerLevel[world]'/minecraft:overworld
[02:09:33] [Server thread/INFO]: Saving chunks for level 'ServerLevel[world]'/minecraft:the_end
[02:09:33] [Server thread/INFO]: Saving chunks for level 'ServerLevel[world]'/minecraft:the_nether
[02:09:33] [Server thread/INFO]: ThreadedAnvilChunkStorage (world): All chunks are saved
[02:09:33] [Server thread/INFO]: ThreadedAnvilChunkStorage (DIM1): All chunks are saved
[02:09:33] [Server thread/INFO]: ThreadedAnvilChunkStorage (DIM-1): All chunks are saved
[02:09:33] [Server thread/INFO]: ThreadedAnvilChunkStorage: All dimensions are saved
